<?xml version="1.0" encoding="UTF-8"?>
<!-- Generated by org.testng.reporters.JUnitReportReporter -->
<testsuite hostname="B300LCOK" failures="1" tests="4" name="com.scripted.runners.APITestNGRunner" time="8.396" errors="0" timestamp="2023-02-17T10:12:44 IST" skipped="0">
  <testcase classname="com.scripted.runners.APITestNGRunner" name="runScenario" time="1.024"/>
  <system-out/>
  <testcase classname="com.scripted.runners.APITestNGRunner" name="runScenario" time="0.937"/>
  <system-out/>
  <testcase classname="com.scripted.runners.APITestNGRunner" name="runScenario" time="0.031">
    <failure message="expected [201] but found [204]" type="java.lang.AssertionError">
      <![CDATA[java.lang.AssertionError: expected [201] but found [204]
at org.testng.Assert.fail(Assert.java:97)
at org.testng.Assert.assertEqualsImpl(Assert.java:136)
at org.testng.Assert.assertEquals(Assert.java:118)
at org.testng.Assert.assertEquals(Assert.java:839)
at org.testng.Assert.assertEquals(Assert.java:849)
at com.scripted.api.RestAssuredWrapper.valResponseCode(RestAssuredWrapper.java:174)
at com.scripted.api.apistepdefs.stepdefinitions.i_should_get_response_code_something(stepdefinitions.java:119)
at ✽.I should get response code 204(file:Features/Webservices/SampleAllRestApi.feature:41)
]]>
    </failure>
  </testcase> <!-- runScenario -->
  <system-out/>
  <testcase classname="com.scripted.runners.APITestNGRunner" name="runScenario" time="6.404"/>
  <system-out/>
</testsuite> <!-- com.scripted.runners.APITestNGRunner -->
