<?xml version="1.0" encoding="UTF-8"?>
<!-- Generated by org.testng.reporters.JUnitReportReporter -->
<testsuite hostname="B300LCOK" failures="1" tests="1" name="com.scripted.runners.visualtestingRunner" time="265.867" errors="0" timestamp="2023-02-17T12:21:45 IST" skipped="0">
  <testcase classname="com.scripted.runners.visualtestingRunner" name="runScenario" time="265.867">
    <failure message="Object healing  unsuccesful,please refer self healing report." type="java.lang.AssertionError">
      <![CDATA[java.lang.AssertionError: Object healing  unsuccesful,please refer self healing report.
at org.testng.Assert.fail(Assert.java:97)
at com.scripted.web.WebHandlers.initHeal(WebHandlers.java:141)
at com.scripted.web.WebHandlers.clickByJsExecutor(WebHandlers.java:194)
at com.scripted.web.webstepdefs.NewPage.initalproductselection(NewPage.java:63)
at com.scripted.web.webstepdefs.stepdefinitions.navigate(stepdefinitions.java:192)
at ✽.I select the product(file:Features/visualTesting/visual.feature:10)
]]>
    </failure>
  </testcase> <!-- runScenario -->
  <system-out/>
</testsuite> <!-- com.scripted.runners.visualtestingRunner -->
