<?xml version="1.0" encoding="UTF-8"?>
<!-- Generated by org.testng.reporters.JUnitReportReporter -->
<testsuite skipped="0" hostname="B300LCOK" name="com.scripted.runners.SaveMartRunner" tests="2" failures="1" timestamp="2023-02-28T00:17:53 IST" time="347.786" errors="0">
  <testcase name="runScenario" time="63.608" classname="com.scripted.runners.SaveMartRunner"/>
  <system-out/>
  <testcase name="runScenario" time="284.178" classname="com.scripted.runners.SaveMartRunner">
    <failure type="java.lang.AssertionError" message="Object healing  unsuccesful,please refer self healing report.">
      <![CDATA[java.lang.AssertionError: Object healing  unsuccesful,please refer self healing report.
at org.testng.Assert.fail(Assert.java:97)
at com.scripted.web.WebHandlers.initHeal(WebHandlers.java:138)
at com.scripted.web.WebHandlers.clickByJsExecutor(WebHandlers.java:191)
at com.scripted.web.webstepdefs.NewPage.select_shop(NewPage.java:143)
at com.scripted.web.webstepdefs.stepdefinitions.select_pro_add_cart(stepdefinitions.java:190)
at ✽.user select the product and add to the cart(file:Features/selfhealing/saveMart.feature:12)
]]>
    </failure>
  </testcase> <!-- runScenario -->
  <system-out/>
</testsuite> <!-- com.scripted.runners.SaveMartRunner -->
