<?xml version="1.0" encoding="UTF-8"?>
<testng-results ignored="0" total="2" passed="2" failed="0" skipped="0">
  <reporter-output>
  </reporter-output>
  <suite started-at="2023-02-23T13:48:12 IST" name="Suite" finished-at="2023-02-23T13:54:02 IST" duration-ms="350262">
    <groups>
      <group name="cucumber">
        <method signature="AbstractTestNGCucumberTests.runScenario(io.cucumber.testng.PickleEventWrapper, io.cucumber.testng.CucumberFeatureWrapper)[pri:0, instance:com.scripted.runners.SaveMartRunner@7c214cc0]" name="runScenario" class="io.cucumber.testng.AbstractTestNGCucumberTests"/>
      </group> <!-- cucumber -->
    </groups>
    <test started-at="2023-02-23T13:48:12 IST" name="HybridRunner" finished-at="2023-02-23T13:54:02 IST" duration-ms="350262">
      <class name="com.scripted.runners.SaveMartRunner">
        <test-method is-config="true" signature="setup()[pri:0, instance:com.scripted.runners.SaveMartRunner@7c214cc0]" started-at="2023-02-23T13:47:34 IST" name="setup" finished-at="2023-02-23T13:48:12 IST" duration-ms="37335" status="PASS">
          <reporter-output>
          </reporter-output>
        </test-method> <!-- setup -->
        <test-method is-config="true" signature="setUpClass()[pri:0, instance:com.scripted.runners.SaveMartRunner@7c214cc0]" started-at="2023-02-23T13:48:12 IST" name="setUpClass" finished-at="2023-02-23T13:48:12 IST" duration-ms="118" status="PASS">
          <reporter-output>
          </reporter-output>
        </test-method> <!-- setUpClass -->
        <test-method signature="runScenario(io.cucumber.testng.PickleEventWrapper, io.cucumber.testng.CucumberFeatureWrapper)[pri:0, instance:com.scripted.runners.SaveMartRunner@7c214cc0]" started-at="2023-02-23T13:48:12 IST" name="runScenario" description="Runs Cucumber Scenarios" data-provider="scenarios" finished-at="2023-02-23T13:49:08 IST" duration-ms="56110" status="PASS">
          <params>
            <param index="0">
              <value>
                <![CDATA["Savmart_scenario"]]>
              </value>
            </param>
            <param index="1">
              <value>
                <![CDATA["SavemartTestCases"]]>
              </value>
            </param>
          </params>
          <reporter-output>
          </reporter-output>
        </test-method> <!-- runScenario -->
        <test-method signature="runScenario(io.cucumber.testng.PickleEventWrapper, io.cucumber.testng.CucumberFeatureWrapper)[pri:0, instance:com.scripted.runners.SaveMartRunner@7c214cc0]" started-at="2023-02-23T13:49:08 IST" name="runScenario" description="Runs Cucumber Scenarios" data-provider="scenarios" finished-at="2023-02-23T13:54:02 IST" duration-ms="293899" status="PASS">
          <params>
            <param index="0">
              <value>
                <![CDATA["Savmart_scenario select the order"]]>
              </value>
            </param>
            <param index="1">
              <value>
                <![CDATA["SavemartTestCases"]]>
              </value>
            </param>
          </params>
          <reporter-output>
          </reporter-output>
        </test-method> <!-- runScenario -->
        <test-method is-config="true" signature="tearDownClass()[pri:0, instance:com.scripted.runners.SaveMartRunner@7c214cc0]" started-at="2023-02-23T13:54:02 IST" name="tearDownClass" finished-at="2023-02-23T13:54:02 IST" duration-ms="50" status="PASS">
          <reporter-output>
          </reporter-output>
        </test-method> <!-- tearDownClass -->
        <test-method is-config="true" signature="teardown()[pri:0, instance:com.scripted.runners.SaveMartRunner@7c214cc0]" started-at="2023-02-23T13:54:02 IST" name="teardown" finished-at="2023-02-23T13:54:14 IST" duration-ms="11766" status="FAIL">
          <exception class="java.lang.NoClassDefFoundError">
            <message>
              <![CDATA[org/json/simple/parser/JSONParser]]>
            </message>
            <full-stacktrace>
              <![CDATA[java.lang.NoClassDefFoundError: org/json/simple/parser/JSONParser
at com.scripted.Allure.AllureReport.summaryJsonEdit(AllureReport.java:195)
at com.scripted.Allure.AllureReport.customizeReport(AllureReport.java:104)
at com.scripted.configurations.SkriptmateConfigurations.afterSuite(SkriptmateConfigurations.java:101)
at com.scripted.runners.SaveMartRunner.teardown(SaveMartRunner.java:24)
at java.base/jdk.internal.reflect.DirectMethodHandleAccessor.invoke(DirectMethodHandleAccessor.java:104)
at java.base/java.lang.reflect.Method.invoke(Method.java:577)
at org.testng.internal.MethodInvocationHelper.invokeMethod(MethodInvocationHelper.java:134)
at org.testng.internal.MethodInvocationHelper.invokeMethodConsideringTimeout(MethodInvocationHelper.java:63)
at org.testng.internal.ConfigInvoker.invokeConfigurationMethod(ConfigInvoker.java:348)
at org.testng.internal.ConfigInvoker.invokeConfigurations(ConfigInvoker.java:302)
at org.testng.SuiteRunner.privateRun(SuiteRunner.java:351)
at org.testng.SuiteRunner.run(SuiteRunner.java:286)
at org.testng.SuiteRunnerWorker.runSuite(SuiteRunnerWorker.java:53)
at org.testng.SuiteRunnerWorker.run(SuiteRunnerWorker.java:96)
at org.testng.TestNG.runSuitesSequentially(TestNG.java:1187)
at org.testng.TestNG.runSuitesLocally(TestNG.java:1109)
at org.testng.TestNG.runSuites(TestNG.java:1039)
at org.testng.TestNG.run(TestNG.java:1007)
at org.testng.remote.AbstractRemoteTestNG.run(AbstractRemoteTestNG.java:115)
at org.testng.remote.RemoteTestNG.initAndRun(RemoteTestNG.java:251)
at org.testng.remote.RemoteTestNG.main(RemoteTestNG.java:77)
Caused by: java.lang.ClassNotFoundException: org.json.simple.parser.JSONParser
at java.base/jdk.internal.loader.BuiltinClassLoader.loadClass(BuiltinClassLoader.java:641)
at java.base/jdk.internal.loader.ClassLoaders$AppClassLoader.loadClass(ClassLoaders.java:188)
at java.base/java.lang.ClassLoader.loadClass(ClassLoader.java:521)
... 21 more
]]>
            </full-stacktrace>
          </exception> <!-- java.lang.NoClassDefFoundError -->
          <reporter-output>
          </reporter-output>
        </test-method> <!-- teardown -->
      </class> <!-- com.scripted.runners.SaveMartRunner -->
    </test> <!-- HybridRunner -->
  </suite> <!-- Suite -->
</testng-results>
